<?xml version="1.0" encoding="UTF-8"?>
<testsuite name="CipherTest" tests="3" skipped="0" failures="0" errors="0" timestamp="2019-01-28T16:10:57" hostname="arunda-HP-Notebook" time="0.008">
  <properties/>
  <testcase name="textInput_check_if_input_is_a_string_true" classname="CipherTest" time="0.006"/>
  <testcase name="encrypt_check_if_input_is_encrypted_String" classname="CipherTest" time="0.0"/>
  <testcase name="textOutput_check_if_output_is_a_string_true" classname="CipherTest" time="0.001"/>
  <system-out><![CDATA[]]></system-out>
  <system-err><![CDATA[]]></system-err>
</testsuite>
